<?xml version="1.0" encoding="UTF-8"?>
<testng-results ignored="0" total="14" passed="12" failed="2" skipped="0">
  <reporter-output>
  </reporter-output>
  <suite started-at="2024-11-07T21:28:57 IST" name="E-commerce Admin Test Suite" finished-at="2024-11-07T21:31:37 IST" duration-ms="160345">
    <groups>
    </groups>
    <test started-at="2024-11-07T21:28:57 IST" name="Test" finished-at="2024-11-07T21:31:37 IST" duration-ms="160345">
      <class name="com.scart.testcases.TC02_ThemeTest">
        <test-method is-config="true" signature="setUp(java.lang.String)[pri:0, instance:com.scart.testcases.TC02_ThemeTest@6cbcf243]" started-at="2024-11-07T21:29:51 IST" name="setUp" finished-at="2024-11-07T21:30:05 IST" duration-ms="13565" status="PASS">
          <params>
            <param index="0">
              <value>
                <![CDATA[Chrome]]>
              </value>
            </param>
          </params>
          <reporter-output>
          </reporter-output>
        </test-method> <!-- setUp -->
        <test-method signature="verifyLogin()[pri:0, instance:com.scart.testcases.TC02_ThemeTest@6cbcf243]" started-at="2024-11-07T21:30:05 IST" name="verifyLogin" finished-at="2024-11-07T21:30:09 IST" duration-ms="4434" status="PASS">
          <reporter-output>
          </reporter-output>
        </test-method> <!-- verifyLogin -->
        <test-method signature="menuButtonTest()[pri:0, instance:com.scart.testcases.TC02_ThemeTest@6cbcf243]" started-at="2024-11-07T21:30:09 IST" name="menuButtonTest" finished-at="2024-11-07T21:30:10 IST" depends-on-methods="com.scart.testcases.TC02_ThemeTest.verifyLogin" duration-ms="817" status="PASS">
          <reporter-output>
          </reporter-output>
        </test-method> <!-- menuButtonTest -->
        <test-method signature="selectThemeOption()[pri:0, instance:com.scart.testcases.TC02_ThemeTest@6cbcf243]" started-at="2024-11-07T21:30:10 IST" name="selectThemeOption" finished-at="2024-11-07T21:30:12 IST" depends-on-methods="com.scart.testcases.TC02_ThemeTest.verifyLogin" duration-ms="2174" status="PASS">
          <reporter-output>
          </reporter-output>
        </test-method> <!-- selectThemeOption -->
        <test-method signature="verifyGridItemDimensionsConsistency()[pri:0, instance:com.scart.testcases.TC02_ThemeTest@6cbcf243]" started-at="2024-11-07T21:30:12 IST" name="verifyGridItemDimensionsConsistency" finished-at="2024-11-07T21:30:14 IST" depends-on-methods="com.scart.testcases.TC02_ThemeTest.verifyLogin" duration-ms="1368" status="PASS">
          <reporter-output>
          </reporter-output>
        </test-method> <!-- verifyGridItemDimensionsConsistency -->
        <test-method is-config="true" signature="tearDown()[pri:0, instance:com.scart.testcases.TC02_ThemeTest@6cbcf243]" started-at="2024-11-07T21:30:14 IST" name="tearDown" finished-at="2024-11-07T21:30:14 IST" duration-ms="249" status="PASS">
          <reporter-output>
          </reporter-output>
        </test-method> <!-- tearDown -->
      </class> <!-- com.scart.testcases.TC02_ThemeTest -->
      <class name="com.scart.testcases.TC03_VerifyLinksInMenuSectionTest">
        <test-method is-config="true" signature="setUp(java.lang.String)[pri:0, instance:com.scart.testcases.TC03_VerifyLinksInMenuSectionTest@29e6eb25]" started-at="2024-11-07T21:30:14 IST" name="setUp" finished-at="2024-11-07T21:30:21 IST" duration-ms="6489" status="PASS">
          <params>
            <param index="0">
              <value>
                <![CDATA[Chrome]]>
              </value>
            </param>
          </params>
          <reporter-output>
          </reporter-output>
        </test-method> <!-- setUp -->
        <test-method signature="verifyLogin()[pri:0, instance:com.scart.testcases.TC03_VerifyLinksInMenuSectionTest@29e6eb25]" started-at="2024-11-07T21:30:21 IST" name="verifyLogin" finished-at="2024-11-07T21:30:25 IST" duration-ms="4189" status="PASS">
          <reporter-output>
          </reporter-output>
        </test-method> <!-- verifyLogin -->
        <test-method signature="checkBrokenLinks()[pri:0, instance:com.scart.testcases.TC03_VerifyLinksInMenuSectionTest@29e6eb25]" started-at="2024-11-07T21:30:25 IST" name="checkBrokenLinks" finished-at="2024-11-07T21:30:35 IST" depends-on-methods="com.scart.testcases.TC03_VerifyLinksInMenuSectionTest.verifyLogin" duration-ms="10306" status="PASS">
          <reporter-output>
          </reporter-output>
        </test-method> <!-- checkBrokenLinks -->
        <test-method signature="verifySelectAllCheckboxFunctionality()[pri:0, instance:com.scart.testcases.TC03_VerifyLinksInMenuSectionTest@29e6eb25]" started-at="2024-11-07T21:30:35 IST" name="verifySelectAllCheckboxFunctionality" finished-at="2024-11-07T21:30:39 IST" depends-on-methods="com.scart.testcases.TC03_VerifyLinksInMenuSectionTest.verifyLogin" duration-ms="4287" status="PASS">
          <reporter-output>
          </reporter-output>
        </test-method> <!-- verifySelectAllCheckboxFunctionality -->
        <test-method is-config="true" signature="tearDown()[pri:0, instance:com.scart.testcases.TC03_VerifyLinksInMenuSectionTest@29e6eb25]" started-at="2024-11-07T21:30:39 IST" name="tearDown" finished-at="2024-11-07T21:30:40 IST" duration-ms="307" status="PASS">
          <reporter-output>
          </reporter-output>
        </test-method> <!-- tearDown -->
      </class> <!-- com.scart.testcases.TC03_VerifyLinksInMenuSectionTest -->
      <class name="com.scart.testcases.TC01_LoginAndLogOutTest">
        <test-method is-config="true" signature="setUp(java.lang.String)[pri:0, instance:com.scart.testcases.TC01_LoginAndLogOutTest@47404bea]" started-at="2024-11-07T21:28:57 IST" name="setUp" finished-at="2024-11-07T21:29:20 IST" duration-ms="22890" status="PASS">
          <params>
            <param index="0">
              <value>
                <![CDATA[Chrome]]>
              </value>
            </param>
          </params>
          <reporter-output>
          </reporter-output>
        </test-method> <!-- setUp -->
        <test-method signature="loginAndLogOutTest(java.lang.String,java.lang.String)[pri:0, instance:com.scart.testcases.TC01_LoginAndLogOutTest@47404bea]" started-at="2024-11-07T21:29:21 IST" name="loginAndLogOutTest" data-provider="loginData" finished-at="2024-11-07T21:29:29 IST" duration-ms="8335" status="PASS">
          <params>
            <param index="0">
              <value>
                <![CDATA[test]]>
              </value>
            </param>
            <param index="1">
              <value>
                <![CDATA[123456]]>
              </value>
            </param>
          </params>
          <reporter-output>
          </reporter-output>
        </test-method> <!-- loginAndLogOutTest -->
        <test-method signature="loginAndLogOutTest(java.lang.String,java.lang.String)[pri:0, instance:com.scart.testcases.TC01_LoginAndLogOutTest@47404bea]" started-at="2024-11-07T21:29:29 IST" name="loginAndLogOutTest" data-provider="loginData" finished-at="2024-11-07T21:29:40 IST" duration-ms="10420" status="FAIL">
          <params>
            <param index="0">
              <value>
                <![CDATA[test]]>
              </value>
            </param>
            <param index="1">
              <value>
                <![CDATA[1234]]>
              </value>
            </param>
          </params>
          <exception class="java.lang.AssertionError">
            <message>
              <![CDATA[Invalid Credentials expected [true] but found [false]]]>
            </message>
            <full-stacktrace>
              <![CDATA[java.lang.AssertionError: Invalid Credentials expected [true] but found [false]
at org.testng.Assert.fail(Assert.java:111)
at org.testng.Assert.failNotEquals(Assert.java:1578)
at org.testng.Assert.assertTrue(Assert.java:57)
at com.scart.testcases.TC01_LoginAndLogOutTest.loginAndLogOutTest(TC01_LoginAndLogOutTest.java:43)
at java.base/jdk.internal.reflect.DirectMethodHandleAccessor.invoke(DirectMethodHandleAccessor.java:103)
at java.base/java.lang.reflect.Method.invoke(Method.java:580)
at org.testng.internal.invokers.MethodInvocationHelper.invokeMethod(MethodInvocationHelper.java:141)
at org.testng.internal.invokers.TestInvoker.invokeMethod(TestInvoker.java:686)
at org.testng.internal.invokers.TestInvoker.invokeTestMethod(TestInvoker.java:230)
at org.testng.internal.invokers.MethodRunner.runInSequence(MethodRunner.java:63)
at org.testng.internal.invokers.TestInvoker$MethodInvocationAgent.invoke(TestInvoker.java:992)
at org.testng.internal.invokers.TestInvoker.invokeTestMethods(TestInvoker.java:203)
at org.testng.internal.invokers.TestMethodWorker.invokeTestMethods(TestMethodWorker.java:154)
at org.testng.internal.invokers.TestMethodWorker.run(TestMethodWorker.java:134)
at java.base/java.util.ArrayList.forEach(ArrayList.java:1597)
at org.testng.TestRunner.privateRun(TestRunner.java:739)
at org.testng.TestRunner.run(TestRunner.java:614)
at org.testng.SuiteRunner.runTest(SuiteRunner.java:421)
at org.testng.SuiteRunner.runSequentially(SuiteRunner.java:413)
at org.testng.SuiteRunner.privateRun(SuiteRunner.java:373)
at org.testng.SuiteRunner.run(SuiteRunner.java:312)
at org.testng.SuiteRunnerWorker.runSuite(SuiteRunnerWorker.java:52)
at org.testng.SuiteRunnerWorker.run(SuiteRunnerWorker.java:95)
at org.testng.TestNG.runSuitesSequentially(TestNG.java:1274)
at org.testng.TestNG.runSuitesLocally(TestNG.java:1208)
at org.testng.TestNG.runSuites(TestNG.java:1112)
at org.testng.TestNG.run(TestNG.java:1079)
at org.testng.remote.AbstractRemoteTestNG.run(AbstractRemoteTestNG.java:115)
at org.testng.remote.RemoteTestNG.initAndRun(RemoteTestNG.java:293)
at org.testng.remote.RemoteTestNG.main(RemoteTestNG.java:91)
]]>
            </full-stacktrace>
          </exception> <!-- java.lang.AssertionError -->
          <reporter-output>
          </reporter-output>
        </test-method> <!-- loginAndLogOutTest -->
        <test-method signature="loginAndLogOutTest(java.lang.String,java.lang.String)[pri:0, instance:com.scart.testcases.TC01_LoginAndLogOutTest@47404bea]" started-at="2024-11-07T21:29:40 IST" name="loginAndLogOutTest" data-provider="loginData" finished-at="2024-11-07T21:29:51 IST" duration-ms="10450" status="FAIL">
          <params>
            <param index="0">
              <value>
                <![CDATA[tester]]>
              </value>
            </param>
            <param index="1">
              <value>
                <![CDATA[123456]]>
              </value>
            </param>
          </params>
          <exception class="java.lang.AssertionError">
            <message>
              <![CDATA[Invalid Credentials expected [true] but found [false]]]>
            </message>
            <full-stacktrace>
              <![CDATA[java.lang.AssertionError: Invalid Credentials expected [true] but found [false]
at org.testng.Assert.fail(Assert.java:111)
at org.testng.Assert.failNotEquals(Assert.java:1578)
at org.testng.Assert.assertTrue(Assert.java:57)
at com.scart.testcases.TC01_LoginAndLogOutTest.loginAndLogOutTest(TC01_LoginAndLogOutTest.java:43)
at java.base/jdk.internal.reflect.DirectMethodHandleAccessor.invoke(DirectMethodHandleAccessor.java:103)
at java.base/java.lang.reflect.Method.invoke(Method.java:580)
at org.testng.internal.invokers.MethodInvocationHelper.invokeMethod(MethodInvocationHelper.java:141)
at org.testng.internal.invokers.TestInvoker.invokeMethod(TestInvoker.java:686)
at org.testng.internal.invokers.TestInvoker.invokeTestMethod(TestInvoker.java:230)
at org.testng.internal.invokers.MethodRunner.runInSequence(MethodRunner.java:63)
at org.testng.internal.invokers.TestInvoker$MethodInvocationAgent.invoke(TestInvoker.java:992)
at org.testng.internal.invokers.TestInvoker.invokeTestMethods(TestInvoker.java:203)
at org.testng.internal.invokers.TestMethodWorker.invokeTestMethods(TestMethodWorker.java:154)
at org.testng.internal.invokers.TestMethodWorker.run(TestMethodWorker.java:134)
at java.base/java.util.ArrayList.forEach(ArrayList.java:1597)
at org.testng.TestRunner.privateRun(TestRunner.java:739)
at org.testng.TestRunner.run(TestRunner.java:614)
at org.testng.SuiteRunner.runTest(SuiteRunner.java:421)
at org.testng.SuiteRunner.runSequentially(SuiteRunner.java:413)
at org.testng.SuiteRunner.privateRun(SuiteRunner.java:373)
at org.testng.SuiteRunner.run(SuiteRunner.java:312)
at org.testng.SuiteRunnerWorker.runSuite(SuiteRunnerWorker.java:52)
at org.testng.SuiteRunnerWorker.run(SuiteRunnerWorker.java:95)
at org.testng.TestNG.runSuitesSequentially(TestNG.java:1274)
at org.testng.TestNG.runSuitesLocally(TestNG.java:1208)
at org.testng.TestNG.runSuites(TestNG.java:1112)
at org.testng.TestNG.run(TestNG.java:1079)
at org.testng.remote.AbstractRemoteTestNG.run(AbstractRemoteTestNG.java:115)
at org.testng.remote.RemoteTestNG.initAndRun(RemoteTestNG.java:293)
at org.testng.remote.RemoteTestNG.main(RemoteTestNG.java:91)
]]>
            </full-stacktrace>
          </exception> <!-- java.lang.AssertionError -->
          <reporter-output>
          </reporter-output>
        </test-method> <!-- loginAndLogOutTest -->
        <test-method is-config="true" signature="tearDown()[pri:0, instance:com.scart.testcases.TC01_LoginAndLogOutTest@47404bea]" started-at="2024-11-07T21:29:51 IST" name="tearDown" finished-at="2024-11-07T21:29:51 IST" duration-ms="355" status="PASS">
          <reporter-output>
          </reporter-output>
        </test-method> <!-- tearDown -->
      </class> <!-- com.scart.testcases.TC01_LoginAndLogOutTest -->
      <class name="com.scart.testcases.TC04_FetchOrdersBasedOnGivenEmailTest">
        <test-method is-config="true" signature="setUp(java.lang.String)[pri:0, instance:com.scart.testcases.TC04_FetchOrdersBasedOnGivenEmailTest@62435e70]" started-at="2024-11-07T21:30:40 IST" name="setUp" finished-at="2024-11-07T21:30:45 IST" duration-ms="4988" status="PASS">
          <params>
            <param index="0">
              <value>
                <![CDATA[Chrome]]>
              </value>
            </param>
          </params>
          <reporter-output>
          </reporter-output>
        </test-method> <!-- setUp -->
        <test-method signature="verifyLogin()[pri:0, instance:com.scart.testcases.TC04_FetchOrdersBasedOnGivenEmailTest@62435e70]" started-at="2024-11-07T21:30:45 IST" name="verifyLogin" finished-at="2024-11-07T21:30:49 IST" duration-ms="3921" status="PASS">
          <reporter-output>
          </reporter-output>
        </test-method> <!-- verifyLogin -->
        <test-method signature="filterOrdersListBasedOnEnteredEmail(java.lang.String)[pri:0, instance:com.scart.testcases.TC04_FetchOrdersBasedOnGivenEmailTest@62435e70]" started-at="2024-11-07T21:30:49 IST" name="filterOrdersListBasedOnEnteredEmail" finished-at="2024-11-07T21:30:55 IST" depends-on-methods="com.scart.testcases.TC04_FetchOrdersBasedOnGivenEmailTest.verifyLogin" duration-ms="6273" status="PASS">
          <params>
            <param index="0">
              <value>
                <![CDATA[admin@gmail.com]]>
              </value>
            </param>
          </params>
          <reporter-output>
          </reporter-output>
        </test-method> <!-- filterOrdersListBasedOnEnteredEmail -->
        <test-method signature="getOrdersTableDataAndWriteIntoExcel()[pri:0, instance:com.scart.testcases.TC04_FetchOrdersBasedOnGivenEmailTest@62435e70]" started-at="2024-11-07T21:30:55 IST" name="getOrdersTableDataAndWriteIntoExcel" finished-at="2024-11-07T21:31:30 IST" depends-on-methods="com.scart.testcases.TC04_FetchOrdersBasedOnGivenEmailTest.verifyLogin" duration-ms="35614" status="PASS">
          <reporter-output>
          </reporter-output>
        </test-method> <!-- getOrdersTableDataAndWriteIntoExcel -->
        <test-method signature="sortOrdersListBasedonAscendingOrderOfDate()[pri:0, instance:com.scart.testcases.TC04_FetchOrdersBasedOnGivenEmailTest@62435e70]" started-at="2024-11-07T21:31:30 IST" name="sortOrdersListBasedonAscendingOrderOfDate" finished-at="2024-11-07T21:31:37 IST" depends-on-methods="com.scart.testcases.TC04_FetchOrdersBasedOnGivenEmailTest.verifyLogin" duration-ms="6588" status="PASS">
          <reporter-output>
          </reporter-output>
        </test-method> <!-- sortOrdersListBasedonAscendingOrderOfDate -->
        <test-method is-config="true" signature="tearDown()[pri:0, instance:com.scart.testcases.TC04_FetchOrdersBasedOnGivenEmailTest@62435e70]" started-at="2024-11-07T21:31:37 IST" name="tearDown" finished-at="2024-11-07T21:31:37 IST" duration-ms="302" status="PASS">
          <reporter-output>
          </reporter-output>
        </test-method> <!-- tearDown -->
      </class> <!-- com.scart.testcases.TC04_FetchOrdersBasedOnGivenEmailTest -->
    </test> <!-- Test -->
  </suite> <!-- E-commerce Admin Test Suite -->
</testng-results>
